This is pdfTeX, Version 3.1415926-1.40.10 (MiKTeX 2.8) (preloaded format=pdflatex 2011.12.22)  22 DEC 2011 17:36
entering extended mode
**sample-book.tex
(E:\Work\tools\latex\tufte-latex-3.5.0\sample-book.tex
LaTeX2e <2011/06/27>
Babel <v3.8m> and hyphenation patterns for english, dumylang, nohyphenation, ge
rman, ngerman, german-x-2009-06-19, ngerman-x-2009-06-19, french, loaded.
(E:\Work\tools\latex\tufte-latex-3.5.0\tufte-book.cls
Document Class: tufte-book 2009/12/11 v3.5.0 Tufte-book class
(E:\Work\tools\latex\tufte-latex-3.5.0\tufte-common.def
File: tufte-common.def 2009/12/11 v3.5.0 Common code for the Tufte-LaTeX styles


(E:\Software\Acads\MikTeX\Install\tex\latex\xkeyval\xkeyval.sty
Package: xkeyval 2008/08/13 v2.6a package option processing (HA)

(E:\Software\Acads\MikTeX\Install\tex\generic\xkeyval\xkeyval.tex
\XKV@toks=\toks14
\XKV@tempa@toks=\toks15
\XKV@depth=\count79
File: xkeyval.tex 2008/08/13 v2.6a key=value parser (HA)

(E:\Software\Acads\MikTeX\Install\tex\generic\xkeyval\keyval.tex)))
(E:\Software\Acads\MikTeX\Install\tex\latex\xifthen\xifthen.sty
Package: xifthen 2009/04/17 v1.3 Extended ifthen features

(E:\Software\Acads\MikTeX\Install\tex\latex\misc\etex.sty
Package: etex 1998/03/26 v2.0 eTeX basic definition package (PEB)
\et@xins=\count80
)
(E:\Software\Acads\MikTeX\Install\tex\latex\tools\calc.sty
Package: calc 2007/08/22 v4.3 Infix arithmetic (KKT,FJ)
\calc@Acount=\count81
\calc@Bcount=\count82
\calc@Adimen=\dimen102
\calc@Bdimen=\dimen103
\calc@Askip=\skip41
\calc@Bskip=\skip42
LaTeX Info: Redefining \setlength on input line 76.
LaTeX Info: Redefining \addtolength on input line 77.
\calc@Ccount=\count83
\calc@Cskip=\skip43
)
(E:\Software\Acads\MikTeX\Install\tex\latex\base\ifthen.sty
Package: ifthen 2001/05/26 v1.1c Standard LaTeX ifthen package (DPC)
)
(E:\Software\Acads\MikTeX\Install\tex\latex\ifmtarg\ifmtarg.sty
Package: ifmtarg 2009/09/02 v1.2a check for an empty argument
))
Class tufte-book Info: Loading the base class `book'.

(E:\Software\Acads\MikTeX\Install\tex\latex\base\book.cls
Document Class: book 2007/10/19 v1.4h Standard LaTeX document class
(E:\Software\Acads\MikTeX\Install\tex\latex\base\bk10.clo
File: bk10.clo 2007/10/19 v1.4h Standard LaTeX file (size option)
)
\c@part=\count84
\c@chapter=\count85
\c@section=\count86
\c@subsection=\count87
\c@subsubsection=\count88
\c@paragraph=\count89
\c@subparagraph=\count90
\c@figure=\count91
\c@table=\count92
\abovecaptionskip=\skip44
\belowcaptionskip=\skip45
\bibindent=\dimen104
)
(E:\Software\Acads\MikTeX\Install\tex\generic\oberdiek\ifpdf.sty
Package: ifpdf 2011/01/30 v2.3 Provides the ifpdf switch (HO)
Package ifpdf Info: pdfTeX in PDF mode is detected.
)
(E:\Software\Acads\MikTeX\Install\tex\generic\ifxetex\ifxetex.sty
Package: ifxetex 2010/09/12 v0.6 Provides ifxetex conditional
)
(E:\Software\Acads\MikTeX\Install\tex\latex\titlesec\titlesec.sty
Package: titlesec 2011/11/11 v2.9.2 Sectioning titles
\ttl@box=\box26
\beforetitleunit=\skip46
\aftertitleunit=\skip47
\ttl@plus=\dimen105
\ttl@minus=\dimen106
\ttl@toksa=\toks16
\titlewidth=\dimen107
\titlewidthlast=\dimen108
\titlewidthfirst=\dimen109
)
(E:\Software\Acads\MikTeX\Install\tex\latex\titlesec\titletoc.sty
Package: titletoc 2011/11/11 v1.6 TOC entries
\ttl@leftsep=\dimen110
)
(E:\Software\Acads\MikTeX\Install\tex\latex\hyperref\hyperref.sty
Package: hyperref 2011/12/04 v6.82m Hypertext links for LaTeX

(E:\Software\Acads\MikTeX\Install\tex\generic\oberdiek\hobsub-hyperref.sty
Package: hobsub-hyperref 2011/04/23 v1.4 Bundle oberdiek, subset hyperref (HO)

(E:\Software\Acads\MikTeX\Install\tex\generic\oberdiek\hobsub-generic.sty
Package: hobsub-generic 2011/04/23 v1.4 Bundle oberdiek, subset generic (HO)
Package: hobsub 2011/04/23 v1.4 Subsetting bundle oberdiek (HO)
Package: infwarerr 2010/04/08 v1.3 Providing info/warning/message (HO)
Package: ltxcmds 2011/04/18 v1.20 LaTeX kernel commands for general use (HO)
Package: ifluatex 2010/03/01 v1.3 Provides the ifluatex switch (HO)
Package ifluatex Info: LuaTeX not detected.
Package: ifvtex 2010/03/01 v1.5 Switches for detecting VTeX and its modes (HO)
Package ifvtex Info: VTeX not detected.
Package: intcalc 2007/09/27 v1.1 Expandable integer calculations (HO)
Package hobsub Info: Skipping package `ifpdf' (already loaded).
Package: etexcmds 2011/02/16 v1.5 Prefix for e-TeX command names (HO)
Package etexcmds Info: Could not find \expanded.
(etexcmds)             That can mean that you are not using pdfTeX 1.50 or
(etexcmds)             that some package has redefined \expanded.
(etexcmds)             In the latter case, load this package earlier.
Package: kvsetkeys 2011/04/07 v1.13 Key value parser (HO)
Package: kvdefinekeys 2011/04/07 v1.3 Defining keys (HO)
Package: pdftexcmds 2011/04/22 v0.16 Utilities of pdfTeX for LuaTeX (HO)
Package pdftexcmds Info: LuaTeX not detected.
Package pdftexcmds Info: \pdf@primitive is available.
Package pdftexcmds Info: \pdf@ifprimitive is available.
Package pdftexcmds Info: \pdfdraftmode found.
Package: pdfescape 2011/04/04 v1.12 Provides string conversions (HO)
Package: bigintcalc 2011/01/30 v1.2 Expandable big integer calculations (HO)
Package: bitset 2011/01/30 v1.1 Data type bit set (HO)
Package: uniquecounter 2011/01/30 v1.2 Provides unlimited unique counter (HO)
)
Package hobsub Info: Skipping package `hobsub' (already loaded).
Package: letltxmacro 2010/09/02 v1.4 Let assignment for LaTeX macros (HO)
Package: hopatch 2011/01/30 v1.0 Wrapper for package hooks (HO)
Package: xcolor-patch 2011/01/30 xcolor patch
Package: atveryend 2011/04/23 v1.7 Hooks at very end of document (HO)
Package: atbegshi 2011/01/30 v1.15 At begin shipout hook (HO)
Package: refcount 2010/12/01 v3.2 Data extraction from references (HO)
Package: hycolor 2011/01/30 v1.7 Color options of hyperref/bookmark (HO)
)
(E:\Software\Acads\MikTeX\Install\tex\latex\oberdiek\kvoptions.sty
Package: kvoptions 2010/12/23 v3.10 Keyval support for LaTeX options (HO)
)
\@linkdim=\dimen111
\Hy@linkcounter=\count93
\Hy@pagecounter=\count94

(E:\Software\Acads\MikTeX\Install\tex\latex\hyperref\pd1enc.def
File: pd1enc.def 2011/12/04 v6.82m Hyperref: PDFDocEncoding definition (HO)
)
\Hy@SavedSpaceFactor=\count95

(E:\Software\Acads\MikTeX\Install\tex\latex\00miktex\hyperref.cfg
File: hyperref.cfg 2002/06/06 v1.2 hyperref configuration of TeXLive
)
Package hyperref Info: Option `unicode' set `true' on input line 3925.

(E:\Software\Acads\MikTeX\Install\tex\latex\hyperref\puenc.def
File: puenc.def 2011/12/04 v6.82m Hyperref: PDF Unicode definition (HO)
)
Package hyperref Info: Option `hyperfootnotes' set `false' on input line 3925.
Package hyperref Info: Hyper figures OFF on input line 4046.
Package hyperref Info: Link nesting OFF on input line 4051.
Package hyperref Info: Hyper index ON on input line 4054.
Package hyperref Info: Plain pages OFF on input line 4061.
Package hyperref Info: Backreferencing OFF on input line 4066.
Package hyperref Info: Implicit mode ON; LaTeX internals redefined.
Package hyperref Info: Bookmarks ON on input line 4284.
\c@Hy@tempcnt=\count96

(E:\Software\Acads\MikTeX\Install\tex\latex\ltxmisc\url.sty
\Urlmuskip=\muskip10
Package: url 2006/04/12  ver 3.3  Verb mode for urls, etc.
)
LaTeX Info: Redefining \url on input line 4637.
\Fld@menulength=\count97
\Field@Width=\dimen112
\Fld@charsize=\dimen113
Package hyperref Info: Hyper figures OFF on input line 5757.
Package hyperref Info: Link nesting OFF on input line 5762.
Package hyperref Info: Hyper index ON on input line 5765.
Package hyperref Info: backreferencing OFF on input line 5772.
Package hyperref Info: Link coloring OFF on input line 5777.
Package hyperref Info: Link coloring with OCG OFF on input line 5782.
Package hyperref Info: PDF/A mode OFF on input line 5787.
LaTeX Info: Redefining \ref on input line 5827.
LaTeX Info: Redefining \pageref on input line 5831.
\Hy@abspage=\count98
\c@Item=\count99
)

Package hyperref Message: Driver (autodetected): hpdftex.

(E:\Software\Acads\MikTeX\Install\tex\latex\hyperref\hpdftex.def
File: hpdftex.def 2011/12/04 v6.82m Hyperref driver for pdfTeX
\Fld@listcount=\count100
\c@bookmark@seq@number=\count101

(E:\Software\Acads\MikTeX\Install\tex\latex\oberdiek\rerunfilecheck.sty
Package: rerunfilecheck 2011/04/15 v1.7 Rerun checks for auxiliary files (HO)
Package uniquecounter Info: New unique counter `rerunfilecheck' on input line 2
82.
)
\Hy@SectionHShift=\skip48
)

Package hyperref Warning: Option `pagecolor' is not available anymore.

(E:\Software\Acads\MikTeX\Install\tex\latex\ms\ragged2e.sty
Package: ragged2e 2009/05/21 v2.1 ragged2e Package (MS)

(E:\Software\Acads\MikTeX\Install\tex\latex\ms\everysel.sty
Package: everysel 2011/10/28 v1.2 EverySelectfont Package (MS)
)
\CenteringLeftskip=\skip49
\RaggedLeftLeftskip=\skip50
\RaggedRightLeftskip=\skip51
\CenteringRightskip=\skip52
\RaggedLeftRightskip=\skip53
\RaggedRightRightskip=\skip54
\CenteringParfillskip=\skip55
\RaggedLeftParfillskip=\skip56
\RaggedRightParfillskip=\skip57
\JustifyingParfillskip=\skip58
\CenteringParindent=\skip59
\RaggedLeftParindent=\skip60
\RaggedRightParindent=\skip61
\JustifyingParindent=\skip62
)
(E:\Software\Acads\MikTeX\Install\tex\latex\geometry\geometry.sty
Package: geometry 2010/09/12 v5.6 Page Geometry
\Gm@cnth=\count102
\Gm@cntv=\count103
\c@Gm@tempcnt=\count104
\Gm@bindingoffset=\dimen114
\Gm@wd@mp=\dimen115
\Gm@odd@mp=\dimen116
\Gm@even@mp=\dimen117
\Gm@layoutwidth=\dimen118
\Gm@layoutheight=\dimen119
\Gm@layouthoffset=\dimen120
\Gm@layoutvoffset=\dimen121
\Gm@dimlist=\toks17

(E:\Software\Acads\MikTeX\Install\tex\latex\geometry\geometry.cfg))
(E:\Software\Acads\MikTeX\Install\tex\latex\changepage\changepage.sty
Package: changepage 2009/10/20 v1.0c check page and change page layout
\c@cp@cntr=\count105
\cp@tempcnt=\count106
)
\@tufte@overhang=\skip63
\@tufte@fullwidth=\skip64
\@tufte@caption@fill=\skip65

(E:\Software\Acads\MikTeX\Install\tex\latex\paralist\paralist.sty
Package: paralist 2002/03/18 v2.3b Extended list environments (BS)
\pltopsep=\skip66
\plpartopsep=\skip67
\plitemsep=\skip68
\plparsep=\skip69
\pl@lab=\toks18
)
(E:\Software\Acads\MikTeX\Install\tex\latex\textcase\textcase.sty
Package: textcase 2004/10/07 v0.07 Text only upper/lower case changing (DPC)
)
(E:\Software\Acads\MikTeX\Install\tex\latex\microtype\letterspace.sty
Package: letterspace 2010/01/10 v2.4 Robust letterspacing (RS)
LaTeX Info: Redefining \lsstyle on input line 277.
LaTeX Info: Redefining \lslig on input line 278.
LaTeX Info: Redefining \textls on input line 303.
\MT@outer@kern=\dimen122
)
(E:\Software\Acads\MikTeX\Install\tex\latex\setspace\setspace.sty
Package: setspace 2000/12/01 6.7 Contributed and Supported LaTeX2e package

Package: `setspace' 6.7 <2000/12/01>
) (E:\Software\Acads\MikTeX\Install\tex\latex\natbib\natbib.sty
Package: natbib 2010/09/13 8.31b (PWD, AO)
\bibhang=\skip70
\bibsep=\skip71
LaTeX Info: Redefining \cite on input line 694.
\c@NAT@ctr=\count107
)
(E:\Software\Acads\MikTeX\Install\tex\latex\natbib\bibentry.sty
Package: bibentry 2007/10/30 1.5 (PWD)
)
No file sample-book.bbl.
\c@@tufte@num@bibkeys=\count108
(E:\Software\Acads\MikTeX\Install\tex\latex\sauerj\optparams.sty
Package: optparams 2004/08/14 v0.9 multiple optional parameters in macros
)
\@tufte@sidenote@vertical@offset=\skip72

(E:\Software\Acads\MikTeX\Install\tex\latex\placeins\placeins.sty
Package: placeins 2005/04/18  v 2.2
)
\@tufte@margin@floatbox=\box27
\@tufte@figure@box=\box28
\@tufte@caption@box=\box29
\@tufte@caption@vertical@offset=\skip73
\@tufte@float@contents@width=\skip74

(E:\Software\Acads\MikTeX\Install\tex\latex\psnfss\mathpazo.sty
Package: mathpazo 2005/04/12 PSNFSS-v9.2a Palatino w/ Pazo Math (D.Puga, WaS) 
\symupright=\mathgroup4
)
(E:\Software\Acads\MikTeX\Install\tex\latex\psnfss\helvet.sty
Package: helvet 2005/04/12 PSNFSS-v9.2a (WaS) 
)
(E:\Software\Acads\MikTeX\Install\tex\latex\bera\beramono.sty
Package: beramono 2004/01/31 (WaS)
)
(E:\Software\Acads\MikTeX\Install\tex\latex\base\fontenc.sty
Package: fontenc 2005/09/27 v1.99g Standard LaTeX package

(E:\Software\Acads\MikTeX\Install\tex\latex\base\t1enc.def
File: t1enc.def 2005/09/27 v1.99g Standard LaTeX file
LaTeX Font Info:    Redeclaring font encoding T1 on input line 43.
))
(E:\Software\Acads\MikTeX\Install\tex\latex\base\textcomp.sty
Package: textcomp 2005/09/27 v1.99g Standard LaTeX package
Package textcomp Info: Sub-encoding information:
(textcomp)               5 = only ISO-Adobe without \textcurrency
(textcomp)               4 = 5 + \texteuro
(textcomp)               3 = 4 + \textohm
(textcomp)               2 = 3 + \textestimated + \textcurrency
(textcomp)               1 = TS1 - \textcircled - \t
(textcomp)               0 = TS1 (full)
(textcomp)             Font families with sub-encoding setting implement
(textcomp)             only a restricted character set as indicated.
(textcomp)             Family '?' is the default used for unknown fonts.
(textcomp)             See the documentation for details.
Package textcomp Info: Setting ? sub-encoding to TS1/1 on input line 71.

(E:\Software\Acads\MikTeX\Install\tex\latex\base\ts1enc.def
File: ts1enc.def 2001/06/05 v3.0e (jk/car/fm) Standard LaTeX file
)
LaTeX Info: Redefining \oldstylenums on input line 266.
Package textcomp Info: Setting cmr sub-encoding to TS1/0 on input line 281.
Package textcomp Info: Setting cmss sub-encoding to TS1/0 on input line 282.
Package textcomp Info: Setting cmtt sub-encoding to TS1/0 on input line 283.
Package textcomp Info: Setting cmvtt sub-encoding to TS1/0 on input line 284.
Package textcomp Info: Setting cmbr sub-encoding to TS1/0 on input line 285.
Package textcomp Info: Setting cmtl sub-encoding to TS1/0 on input line 286.
Package textcomp Info: Setting ccr sub-encoding to TS1/0 on input line 287.
Package textcomp Info: Setting ptm sub-encoding to TS1/4 on input line 288.
Package textcomp Info: Setting pcr sub-encoding to TS1/4 on input line 289.
Package textcomp Info: Setting phv sub-encoding to TS1/4 on input line 290.
Package textcomp Info: Setting ppl sub-encoding to TS1/3 on input line 291.
Package textcomp Info: Setting pag sub-encoding to TS1/4 on input line 292.
Package textcomp Info: Setting pbk sub-encoding to TS1/4 on input line 293.
Package textcomp Info: Setting pnc sub-encoding to TS1/4 on input line 294.
Package textcomp Info: Setting pzc sub-encoding to TS1/4 on input line 295.
Package textcomp Info: Setting bch sub-encoding to TS1/4 on input line 296.
Package textcomp Info: Setting put sub-encoding to TS1/5 on input line 297.
Package textcomp Info: Setting uag sub-encoding to TS1/5 on input line 298.
Package textcomp Info: Setting ugq sub-encoding to TS1/5 on input line 299.
Package textcomp Info: Setting ul8 sub-encoding to TS1/4 on input line 300.
Package textcomp Info: Setting ul9 sub-encoding to TS1/4 on input line 301.
Package textcomp Info: Setting augie sub-encoding to TS1/5 on input line 302.
Package textcomp Info: Setting dayrom sub-encoding to TS1/3 on input line 303.
Package textcomp Info: Setting dayroms sub-encoding to TS1/3 on input line 304.

Package textcomp Info: Setting pxr sub-encoding to TS1/0 on input line 305.
Package textcomp Info: Setting pxss sub-encoding to TS1/0 on input line 306.
Package textcomp Info: Setting pxtt sub-encoding to TS1/0 on input line 307.
Package textcomp Info: Setting txr sub-encoding to TS1/0 on input line 308.
Package textcomp Info: Setting txss sub-encoding to TS1/0 on input line 309.
Package textcomp Info: Setting txtt sub-encoding to TS1/0 on input line 310.
Package textcomp Info: Setting lmr sub-encoding to TS1/0 on input line 311.
Package textcomp Info: Setting lmdh sub-encoding to TS1/0 on input line 312.
Package textcomp Info: Setting lmss sub-encoding to TS1/0 on input line 313.
Package textcomp Info: Setting lmssq sub-encoding to TS1/0 on input line 314.
Package textcomp Info: Setting lmvtt sub-encoding to TS1/0 on input line 315.
Package textcomp Info: Setting qhv sub-encoding to TS1/0 on input line 316.
Package textcomp Info: Setting qag sub-encoding to TS1/0 on input line 317.
Package textcomp Info: Setting qbk sub-encoding to TS1/0 on input line 318.
Package textcomp Info: Setting qcr sub-encoding to TS1/0 on input line 319.
Package textcomp Info: Setting qcs sub-encoding to TS1/0 on input line 320.
Package textcomp Info: Setting qpl sub-encoding to TS1/0 on input line 321.
Package textcomp Info: Setting qtm sub-encoding to TS1/0 on input line 322.
Package textcomp Info: Setting qzc sub-encoding to TS1/0 on input line 323.
Package textcomp Info: Setting qhvc sub-encoding to TS1/0 on input line 324.
Package textcomp Info: Setting futs sub-encoding to TS1/4 on input line 325.
Package textcomp Info: Setting futx sub-encoding to TS1/4 on input line 326.
Package textcomp Info: Setting futj sub-encoding to TS1/4 on input line 327.
Package textcomp Info: Setting hlh sub-encoding to TS1/3 on input line 328.
Package textcomp Info: Setting hls sub-encoding to TS1/3 on input line 329.
Package textcomp Info: Setting hlst sub-encoding to TS1/3 on input line 330.
Package textcomp Info: Setting hlct sub-encoding to TS1/5 on input line 331.
Package textcomp Info: Setting hlx sub-encoding to TS1/5 on input line 332.
Package textcomp Info: Setting hlce sub-encoding to TS1/5 on input line 333.
Package textcomp Info: Setting hlcn sub-encoding to TS1/5 on input line 334.
Package textcomp Info: Setting hlcw sub-encoding to TS1/5 on input line 335.
Package textcomp Info: Setting hlcf sub-encoding to TS1/5 on input line 336.
Package textcomp Info: Setting pplx sub-encoding to TS1/3 on input line 337.
Package textcomp Info: Setting pplj sub-encoding to TS1/3 on input line 338.
Package textcomp Info: Setting ptmx sub-encoding to TS1/4 on input line 339.
Package textcomp Info: Setting ptmj sub-encoding to TS1/4 on input line 340.
)
(E:\Software\Acads\MikTeX\Install\tex\latex\fancyhdr\fancyhdr.sty
\fancy@headwidth=\skip75
\f@ncyO@elh=\skip76
\f@ncyO@erh=\skip77
\f@ncyO@olh=\skip78
\f@ncyO@orh=\skip79
\f@ncyO@elf=\skip80
\f@ncyO@erf=\skip81
\f@ncyO@olf=\skip82
\f@ncyO@orf=\skip83
)
(E:\Software\Acads\MikTeX\Install\tex\latex\xcolor\xcolor.sty
Package: xcolor 2007/01/21 v2.11 LaTeX color extensions (UK)

(E:\Software\Acads\MikTeX\Install\tex\latex\00miktex\color.cfg
File: color.cfg 2007/01/18 v1.5 color configuration of teTeX/TeXLive
)
Package xcolor Info: Package option `usenames' ignored on input line 216.
Package xcolor Info: Driver file: pdftex.def on input line 225.

(E:\Software\Acads\MikTeX\Install\tex\latex\pdftex-def\pdftex.def
File: pdftex.def 2011/05/27 v0.06d Graphics/color for pdfTeX
\Gread@gobject=\count109
)
Package xcolor Info: Model `cmy' substituted by `cmy0' on input line 1337.
Package xcolor Info: Model `hsb' substituted by `rgb' on input line 1341.
Package xcolor Info: Model `RGB' extended on input line 1353.
Package xcolor Info: Model `HTML' substituted by `rgb' on input line 1355.
Package xcolor Info: Model `Hsb' substituted by `hsb' on input line 1356.
Package xcolor Info: Model `tHsb' substituted by `hsb' on input line 1357.
Package xcolor Info: Model `HSB' substituted by `hsb' on input line 1358.
Package xcolor Info: Model `Gray' substituted by `gray' on input line 1359.
Package xcolor Info: Model `wave' substituted by `hsb' on input line 1360.

(E:\Software\Acads\MikTeX\Install\tex\latex\graphics\dvipsnam.def
File: dvipsnam.def 1999/02/16 v3.0i Driver-dependant file (DPC,SPQR)
)
(E:\Software\Acads\MikTeX\Install\tex\latex\xcolor\svgnam.def
File: svgnam.def 2007/01/21 v2.11 Predefined colors according to SVG 1.1 (UK)
))
\langwohyphens=\language8

(E:\Software\Acads\MikTeX\Install\tex\latex\tools\multicol.sty
Package: multicol 2011/06/27 v1.7a multicolumn formatting (FMi)
\c@tracingmulticols=\count110
\mult@box=\box30
\multicol@leftmargin=\dimen123
\c@unbalance=\count111
\c@collectmore=\count112
\doublecol@number=\count113
\multicoltolerance=\count114
\multicolpretolerance=\count115
\full@width=\dimen124
\page@free=\dimen125
\premulticols=\dimen126
\postmulticols=\dimen127
\multicolsep=\skip84
\multicolbaselineskip=\skip85
\partial@page=\box31
\last@line=\box32
\mult@rightbox=\box33
\mult@grightbox=\box34
\mult@gfirstbox=\box35
\mult@firstbox=\box36
\@tempa=\box37
\@tempa=\box38
\@tempa=\box39
\@tempa=\box40
\@tempa=\box41
\@tempa=\box42
\@tempa=\box43
\@tempa=\box44
\@tempa=\box45
\@tempa=\box46
\@tempa=\box47
\@tempa=\box48
\@tempa=\box49
\@tempa=\box50
\@tempa=\box51
\@tempa=\box52
\@tempa=\box53
\c@columnbadness=\count116
\c@finalcolumnbadness=\count117
\last@try=\dimen128
\multicolovershoot=\dimen129
\multicolundershoot=\dimen130
\mult@nat@firstbox=\box54
\colbreak@box=\box55
\multicol@sort@counter=\count118
)))
Package hyperref Info: Option `colorlinks' set `true' on input line 3.

(E:\Software\Acads\MikTeX\Install\tex\latex\lipsum\lipsum.sty
Package: lipsum 2011/04/14 v1.2 150 paragraphs of Lorem Ipsum dummy text
\c@lips@count=\count119
)
(E:\Software\Acads\MikTeX\Install\tex\latex\booktabs\booktabs.sty
Package: booktabs 2005/04/14 v1.61803 publication quality tables
\heavyrulewidth=\dimen131
\lightrulewidth=\dimen132
\cmidrulewidth=\dimen133
\belowrulesep=\dimen134
\belowbottomsep=\dimen135
\aboverulesep=\dimen136
\abovetopsep=\dimen137
\cmidrulesep=\dimen138
\cmidrulekern=\dimen139
\defaultaddspace=\dimen140
\@cmidla=\count120
\@cmidlb=\count121
\@aboverulesep=\dimen141
\@belowrulesep=\dimen142
\@thisruleclass=\count122
\@lastruleclass=\count123
\@thisrulewidth=\dimen143
)
(E:\Software\Acads\MikTeX\Install\tex\latex\graphics\graphicx.sty
Package: graphicx 1999/02/16 v1.0f Enhanced LaTeX Graphics (DPC,SPQR)

(E:\Software\Acads\MikTeX\Install\tex\latex\graphics\graphics.sty
Package: graphics 2009/02/05 v1.0o Standard LaTeX Graphics (DPC,SPQR)

(E:\Software\Acads\MikTeX\Install\tex\latex\graphics\trig.sty
Package: trig 1999/03/16 v1.09 sin cos tan (DPC)
)
(E:\Software\Acads\MikTeX\Install\tex\latex\00miktex\graphics.cfg
File: graphics.cfg 2007/01/18 v1.5 graphics configuration of teTeX/TeXLive
)
Package graphics Info: Driver file: pdftex.def on input line 91.
)
\Gin@req@height=\dimen144
\Gin@req@width=\dimen145
)
(E:\Software\Acads\MikTeX\Install\tex\latex\fancyvrb\fancyvrb.sty
Package: fancyvrb 2008/02/07

Style option: `fancyvrb' v2.7a, with DG/SPQR fixes, and firstline=lastline fix 
<2008/02/07> (tvz)
\FV@CodeLineNo=\count124
\FV@InFile=\read1
\FV@TabBox=\box56
\c@FancyVerbLine=\count125
\FV@StepNumber=\count126
\FV@OutFile=\write3
)
(E:\Software\Acads\MikTeX\Install\tex\latex\tools\xspace.sty
Package: xspace 2009/10/20 v1.13 Space after command names (DPC,MH)
)
(E:\Software\Acads\MikTeX\Install\tex\latex\units\units.sty
Package: units 1998/08/04 v0.9b Typesetting units

(E:\Software\Acads\MikTeX\Install\tex\latex\units\nicefrac.sty
Package: nicefrac 1998/08/04 v0.9b Nice fractions
\L@UnitsRaiseDisplaystyle=\skip86
\L@UnitsRaiseTextstyle=\skip87
\L@UnitsRaiseScriptstyle=\skip88
))
(E:\Software\Acads\MikTeX\Install\tex\latex\base\makeidx.sty
Package: makeidx 2000/03/29 v1.0m Standard LaTeX package
)
\@indexfile=\write4

Writing index file sample-book.idx
No file sample-book.aux.
LaTeX Font Info:    Checking defaults for OML/cmm/m/it on input line 148.
LaTeX Font Info:    ... okay on input line 148.
LaTeX Font Info:    Checking defaults for T1/cmr/m/n on input line 148.
LaTeX Font Info:    ... okay on input line 148.
LaTeX Font Info:    Checking defaults for OT1/cmr/m/n on input line 148.
LaTeX Font Info:    ... okay on input line 148.
LaTeX Font Info:    Checking defaults for OMS/cmsy/m/n on input line 148.
LaTeX Font Info:    ... okay on input line 148.
LaTeX Font Info:    Checking defaults for OMX/cmex/m/n on input line 148.
LaTeX Font Info:    ... okay on input line 148.
LaTeX Font Info:    Checking defaults for U/cmr/m/n on input line 148.
LaTeX Font Info:    ... okay on input line 148.
LaTeX Font Info:    Checking defaults for PD1/pdf/m/n on input line 148.
LaTeX Font Info:    ... okay on input line 148.
LaTeX Font Info:    Checking defaults for PU/pdf/m/n on input line 148.
LaTeX Font Info:    ... okay on input line 148.
LaTeX Font Info:    Checking defaults for TS1/cmr/m/n on input line 148.
LaTeX Font Info:    Try loading font information for TS1+cmr on input line 148.

(E:\Software\Acads\MikTeX\Install\tex\latex\base\ts1cmr.fd
File: ts1cmr.fd 1999/05/25 v2.5h Standard LaTeX font definitions
)
LaTeX Font Info:    ... okay on input line 148.
LaTeX Font Info:    Try loading font information for T1+pplj on input line 148.


(E:\Software\Acads\MikTeX\Install\tex\latex\psnfss\t1pplj.fd
File: t1pplj.fd 2004/09/06 font definitions for T1/pplj.
)
\AtBeginShipoutBox=\box57
Package hyperref Info: Link coloring ON on input line 148.

(E:\Software\Acads\MikTeX\Install\tex\latex\hyperref\nameref.sty
Package: nameref 2010/04/30 v2.40 Cross-referencing by name of section

(E:\Software\Acads\MikTeX\Install\tex\generic\oberdiek\gettitlestring.sty
Package: gettitlestring 2010/12/03 v1.4 Cleanup title references (HO)
)
\c@section@level=\count127
)
LaTeX Info: Redefining \ref on input line 148.
LaTeX Info: Redefining \pageref on input line 148.
LaTeX Info: Redefining \nameref on input line 148.
\@outlinefile=\write5

ABD: EverySelectfont initializing macros
LaTeX Info: Redefining \selectfont on input line 148.

*geometry* driver: auto-detecting
*geometry* detected driver: pdftex
*geometry* verbose mode - [ preamble ] result:
* driver: pdftex
* paper: letterpaper
* layout: <same size as paper>
* layoutoffset:(h,v)=(0.0pt,0.0pt)
* modes: twoside asymmetric 
* h-part:(L,W,R)=(72.26999pt, 312.0pt, 230.02501pt)
* v-part:(T,H,B)=(72.26999pt, 616.0pt, 106.7pt)
* \paperwidth=614.295pt
* \paperheight=794.96999pt
* \textwidth=312.0pt
* \textheight=616.0pt
* \oddsidemargin=0.0pt
* \evensidemargin=0.0pt
* \topmargin=-42.0pt
* \headheight=14.0pt
* \headsep=28.0pt
* \topskip=10.0pt
* \footskip=25.29494pt
* \marginparwidth=144.0pt
* \marginparsep=24.0pt
* \columnsep=10.0pt
* \skip\footins=9.0pt plus 4.0pt minus 2.0pt
* \hoffset=0.0pt
* \voffset=0.0pt
* \mag=1000
* \@twocolumnfalse
* \@twosidetrue
* \@mparswitchfalse
* \@reversemarginfalse
* (1in=72.27pt=25.4mm, 1cm=28.453pt)

\big@size=\dimen146
(E:\Software\Acads\MikTeX\Install\tex\context\base\supp-pdf.mkii
[Loading MPS to PDF converter (version 2006.09.02).]
\scratchcounter=\count128
\scratchdimen=\dimen147
\scratchbox=\box58
\nofMPsegments=\count129
\nofMParguments=\count130
\everyMPshowfont=\toks19
\MPscratchCnt=\count131
\MPscratchDim=\dimen148
\MPnumerator=\count132
\makeMPintoPDFobject=\count133
\everyMPtoPDFconversion=\toks20
) [1


]
LaTeX Font Info:    Try loading font information for T1+phv on input line 164.
 (E:\Software\Acads\MikTeX\Install\tex\latex\psnfss\t1phv.fd
File: t1phv.fd 2001/06/04 scalable font definitions for T1/phv.
)
LaTeX Font Info:    Font shape `T1/phv/m/n' will be
(Font)              scaled to size 8.99994pt on input line 164.
LaTeX Font Info:    Font shape `T1/phv/m/n' will be
(Font)              scaled to size 9.85492pt on input line 164.

Overfull \hbox (7.34093pt too wide) in paragraph at lines 170--170
[]\T1/phv/m/n/10.95/200ls A DE-SIGNER KNOWS THAT HE HAS ACHIEVED PER-FEC-TION N
OT WHEN THERE 
 []

[2{C:/Users/Deepak/AppData/Local/MiKTeX/2.8/pdftex/config/pdftex.map}]
LaTeX Font Info:    Font shape `T1/phv/m/n' will be
(Font)              scaled to size 16.19989pt on input line 183.
LaTeX Font Info:    Font shape `T1/phv/m/n' will be
(Font)              scaled to size 32.39978pt on input line 183.
LaTeX Font Info:    Font shape `T1/phv/m/n' will be
(Font)              scaled to size 12.59991pt on input line 183.
 [3

]
LaTeX Font Info:    Try loading font information for TS1+pplj on input line 193
.

(E:\Software\Acads\MikTeX\Install\tex\latex\psnfss\ts1pplj.fd
File: ts1pplj.fd 2004/09/06 font definitions for TS1/pplj.
)
LaTeX Font Info:    Try loading font information for T1+fvm on input line 201.

(E:\Software\Acads\MikTeX\Install\tex\latex\bera\t1fvm.fd
File: t1fvm.fd 2004/09/07 scalable font definitions for T1/fvm.
)
LaTeX Font Info:    Font shape `T1/fvm/m/n' will be
(Font)              scaled to size 8.50006pt on input line 201.
LaTeX Font Info:    Try loading font information for OT1+pplx on input line 201
.

(E:\Software\Acads\MikTeX\Install\tex\latex\psnfss\ot1pplx.fd
File: ot1pplx.fd 2004/09/06 font definitions for OT1/pplx.
)
LaTeX Font Info:    Try loading font information for OML+zplm on input line 201
.

(E:\Software\Acads\MikTeX\Install\tex\latex\psnfss\omlzplm.fd
File: omlzplm.fd 2002/09/08 Fontinst v1.914 font definitions for OML/zplm.
)
LaTeX Font Info:    Try loading font information for OMS+zplm on input line 201
.

(E:\Software\Acads\MikTeX\Install\tex\latex\psnfss\omszplm.fd
File: omszplm.fd 2002/09/08 Fontinst v1.914 font definitions for OMS/zplm.
)
LaTeX Font Info:    Try loading font information for OMX+zplm on input line 201
.

(E:\Software\Acads\MikTeX\Install\tex\latex\psnfss\omxzplm.fd
File: omxzplm.fd 2002/09/08 Fontinst v1.914 font definitions for OMX/zplm.
)
LaTeX Font Info:    Try loading font information for OT1+zplm on input line 201
.

(E:\Software\Acads\MikTeX\Install\tex\latex\psnfss\ot1zplm.fd
File: ot1zplm.fd 2002/09/08 Fontinst v1.914 font definitions for OT1/zplm.
) [4

]
\tf@toc=\write6
 [5

] [6

]
\tf@lof=\write7

[7] [8

]
\tf@lot=\write8
 [9] [10

]
LaTeX Font Info:    Calculating math sizes for size <18> on input line 224.

Overfull \hbox (94.52998pt too wide) in paragraph at lines 222--227
\T1/pplj/m/it/18 and the work of [] and [].  
 []

[11] [12

]

Package natbib Warning: Citation `Tufte2001' undefined on input line 237.


Package natbib Warning: Citation `Tufte1990' undefined on input line 237.


Package natbib Warning: Citation `Tufte1997' undefined on input line 237.


Package natbib Warning: Citation `Tufte2006' undefined on input line 237.


LaTeX Warning: Marginpar on page 13 moved.

[13

] [14

]
Overfull \hbox (12.0pt too wide) in paragraph at lines 263--290
[]$[]$ 
 []

[15

] <graphics/vdqi-title.pdf, id=83, 614.295pt x 758.835pt>
File: graphics/vdqi-title.pdf Graphic file (type pdf)

<use graphics/vdqi-title.pdf>
Package pdftex.def Info: graphics/vdqi-title.pdf used on input line 356.
(pdftex.def)             Requested size: 216.00005pt x 266.8236pt.

<graphics/ei-title.pdf, id=84, 614.295pt x 758.835pt>
File: graphics/ei-title.pdf Graphic file (type pdf)

<use graphics/ei-title.pdf>
Package pdftex.def Info: graphics/ei-title.pdf used on input line 358.
(pdftex.def)             Requested size: 216.00005pt x 266.8236pt.

<graphics/ve-title.pdf, id=85, 614.295pt x 758.835pt>
File: graphics/ve-title.pdf Graphic file (type pdf)

<use graphics/ve-title.pdf>
Package pdftex.def Info: graphics/ve-title.pdf used on input line 360.
(pdftex.def)             Requested size: 216.00005pt x 266.8236pt.

<graphics/be-title.pdf, id=86, 614.295pt x 758.835pt>
File: graphics/be-title.pdf Graphic file (type pdf)

<use graphics/be-title.pdf>
Package pdftex.def Info: graphics/be-title.pdf used on input line 362.
(pdftex.def)             Requested size: 216.00005pt x 266.8236pt.

<graphics/vdqi-contents.pdf, id=87, 614.295pt x 758.835pt>
File: graphics/vdqi-contents.pdf Graphic file (type pdf)

<use graphics/vdqi-contents.pdf>
Package pdftex.def Info: graphics/vdqi-contents.pdf used on input line 371.
(pdftex.def)             Requested size: 216.00005pt x 266.8236pt.

<graphics/ei-contents.pdf, id=88, 614.295pt x 758.835pt>
File: graphics/ei-contents.pdf Graphic file (type pdf)

<use graphics/ei-contents.pdf>
Package pdftex.def Info: graphics/ei-contents.pdf used on input line 373.
(pdftex.def)             Requested size: 216.00005pt x 266.8236pt.

<graphics/ve-contents.pdf, id=89, 614.295pt x 758.835pt>
File: graphics/ve-contents.pdf Graphic file (type pdf)

<use graphics/ve-contents.pdf>
Package pdftex.def Info: graphics/ve-contents.pdf used on input line 375.
(pdftex.def)             Requested size: 216.00005pt x 266.8236pt.

<graphics/be-contents.pdf, id=90, 614.295pt x 758.835pt>
File: graphics/be-contents.pdf Graphic file (type pdf)

<use graphics/be-contents.pdf>
Package pdftex.def Info: graphics/be-contents.pdf used on input line 377.
(pdftex.def)             Requested size: 216.00005pt x 266.8236pt.
 [16] [17 <E:/Work/tools/latex/tufte-latex-3.5.0/graphics/vdqi-title.pdf> <E:/W
ork/tools/latex/tufte-latex-3.5.0/graphics/ei-title.pdf> <E:/Work/tools/latex/t
ufte-latex-3.5.0/graphics/ve-title.pdf> <E:/Work/tools/latex/tufte-latex-3.5.0/
graphics/be-title.pdf>] [18 <E:/Work/tools/latex/tufte-latex-3.5.0/graphics/vdq
i-contents.pdf> <E:/Work/tools/latex/tufte-latex-3.5.0/graphics/ei-contents.pdf
> <E:/Work/tools/latex/tufte-latex-3.5.0/graphics/ve-contents.pdf> <E:/Work/too
ls/latex/tufte-latex-3.5.0/graphics/be-contents.pdf>]
LaTeX Font Info:    Font shape `T1/fvm/m/n' will be
(Font)              scaled to size 6.80005pt on input line 402.


LaTeX Warning: Marginpar on page 19 moved.


Overfull \hbox (8.62123pt too wide) in paragraph at lines 456--466
 [] 
 []


LaTeX Warning: `h' float specifier changed to `ht'.

[19] [20]
LaTeX Font Info:    Font shape `T1/fvm/m/it' in size <20.74> not available
(Font)              Font shape `T1/fvm/m/sl' tried instead on input line 472.
LaTeX Font Info:    Font shape `T1/fvm/m/sl' will be
(Font)              scaled to size 17.62912pt on input line 472.

Overfull \hbox (7.68355pt too wide) in paragraph at lines 484--486
\T1/pplj/m/n/10 This style pro-vides \T1/pplj/m/sc/10/50ls a\T1/pplj/m/n/10 - a
nd \T1/pplj/m/sc/10/50ls b\T1/pplj/m/n/10 -heads (that is, [] and []), 
 []


Package natbib Warning: Citation `Bringhurst2005' undefined on input line 490.


LaTeX Warning: Marginpar on page 21 moved.


Package natbib Warning: Citation `Tufte2006' undefined on input line 497.

pdfTeX warning (ext4): destination with the same identifier (name{cite.Tufte200
6}) has been already used, duplicate ignored
<to be read again> 
                   \relax 
l.497 ...ught{In his later books},\cite{Tufte2006}
                                                   Tufte

LaTeX Warning: Marginpar on page 21 moved.

LaTeX Font Info:    Font shape `T1/fvm/m/n' will be
(Font)              scaled to size 7.65005pt on input line 501.

LaTeX Warning: Marginpar on page 21 moved.

[21

]

LaTeX Warning: Marginpar on page 22 moved.


LaTeX Warning: Marginpar on page 22 moved.


Package natbib Warning: Citation `Tufte2006' undefined on input line 567.

pdfTeX warning (ext4): destination with the same identifier (name{cite.Tufte200
6}) has been already used, duplicate ignored
<to be read again> 
                   \relax 
l.567 ...ite[-3\baselineskip]{Tufte2006,Tufte1990}
                                                   you can

Package natbib Warning: Citation `Tufte1990' undefined on input line 567.

pdfTeX warning (ext4): destination with the same identifier (name{cite.Tufte199
0}) has been already used, duplicate ignored
<to be read again> 
                   \relax 
l.567 ...ite[-3\baselineskip]{Tufte2006,Tufte1990}
                                                   you can [22]
LaTeX Font Info:    Font shape `T1/pplj/bx/n' in size <10> not available
(Font)              Font shape `T1/pplj/b/n' tried instead on input line 583.


LaTeX Warning: Reference `fig:marginfig' on page 23 undefined on input line 583
.

<graphics/helix.pdf, id=248, 221.8689pt x 201.71361pt>
File: graphics/helix.pdf Graphic file (type pdf)

<use graphics/helix.pdf>
Package pdftex.def Info: graphics/helix.pdf used on input line 586.
(pdftex.def)             Requested size: 144.00317pt x 130.92145pt.


LaTeX Warning: Reference `sec:sidenotes' on page 23 undefined on input line 601
.


LaTeX Warning: Reference `fig:fullfig' on page 23 undefined on input line 612.


LaTeX Warning: Reference `fig:textfig' on page 23 undefined on input line 613.

<graphics/sine.pdf, id=250, 505.89pt x 51.04068pt>
File: graphics/sine.pdf Graphic file (type pdf)
 <use graphics/sine.pdf>
Package pdftex.def Info: graphics/sine.pdf used on input line 617.
(pdftex.def)             Requested size: 480.0061pt x 48.42917pt.

<graphics/hilbertcurves.pdf, id=251, 308.47346pt x 76.72565pt>
File: graphics/hilbertcurves.pdf Graphic file (type pdf)

<use graphics/hilbertcurves.pdf>
Package pdftex.def Info: graphics/hilbertcurves.pdf used on input line 624.
(pdftex.def)             Requested size: 312.0029pt x 77.6035pt.

Underfull \hbox (badness 10000) in paragraph at lines 624--629

 []

[23 <E:/Work/tools/latex/tufte-latex-3.5.0/graphics/helix.pdf> <E:/Work/tools/l
atex/tufte-latex-3.5.0/graphics/sine.pdf> <E:/Work/tools/latex/tufte-latex-3.5.
0/graphics/hilbertcurves.pdf>]

LaTeX Warning: Reference `fig:textfig' on page 24 undefined on input line 649.


LaTeX Warning: Reference `tab:normaltab' on page 24 undefined on input line 654
.

LaTeX Font Info:    Try loading font information for T1+ppl on input line 660.
(E:\Software\Acads\MikTeX\Install\tex\latex\psnfss\t1ppl.fd
File: t1ppl.fd 2001/06/04 font definitions for T1/ppl.
)
Overfull \hbox (6.44302pt too wide) in paragraph at lines 687--690
\T1/pplj/m/n/10 this lim-i-ta-tion, the Tufte-L[]T[]X doc-u-ment classes pro-vi
de a []\T1/fvm/m/n/10 \morefloats[][][] 
 []

[24]
Overfull \hbox (56.13647pt too wide) in paragraph at lines 724--727
[] []\T1/pplj/m/it/10 Ver-ti-cal align-ment[] \T1/pplj/m/n/10 To over-ride the 
ver-ti-cal align-ment, use the \T1/fvm/m/n/10 \setfloatalignment[] 
 []

[25]

Package natbib Warning: Citation `Bringhurst2005' undefined on input line 800.

pdfTeX warning (ext4): destination with the same identifier (name{cite.Bringhur
st2005}) has been already used, duplicate ignored
<to be read again> 
                   \relax 
l.800 increased slightly.\cite{Bringhurst2005}
                                                The \doccmddef{allcaps} comm...

LaTeX Warning: Marginpar on page 26 moved.

[26]
Underfull \vbox (badness 10000) has occurred while \output is active []

 [27]
[28]
LaTeX Font Info:    Font shape `T1/fvm/m/it' in size <10> not available
(Font)              Font shape `T1/fvm/m/sl' tried instead on input line 903.
LaTeX Font Info:    Font shape `T1/fvm/m/sl' will be
(Font)              scaled to size 8.50006pt on input line 903.
 [29

]

Package natbib Warning: Citation `pkg-geometry' undefined on input line 965.


LaTeX Warning: Marginpar on page 30 moved.

[30]
Overfull \hbox (29.76787pt too wide) in paragraph at lines 1004--1006
[]\T1/fvm/m/n/9 \documentclass[symmetric,justified,marginals=raggedouter]{tufte
-book}  
 []

[31] [32

]
LaTeX Font Info:    Font shape `T1/fvm/m/it' in size <12> not available
(Font)              Font shape `T1/fvm/m/sl' tried instead on input line 1038.
LaTeX Font Info:    Font shape `T1/fvm/m/sl' will be
(Font)              scaled to size 10.20007pt on input line 1038.
 [33] [34

] [35]

LaTeX Warning: Reference `sec:headings' on page 36 undefined on input line 1096
.


LaTeX Warning: Reference `sec:headings' on page 36 undefined on input line 1103
.


LaTeX Warning: Reference `err:too-many-floats' on page 36 undefined on input li
ne 1112.


LaTeX Warning: Reference `clsopt:symmetric' on page 36 undefined on input line 
1122.

[36] [37] [38

]
No file sample-book.bbl.
No file sample-book.ind.

Package natbib Warning: There were undefined citations.

Package atveryend Info: Empty hook `BeforeClearDocument' on input line 1177.
Package atveryend Info: Empty hook `AfterLastShipout' on input line 1177.
! I can't find file `sample-book.aux'.
\enddocument ...keatletter \@@input \jobname .aux 
                                                  \fi \@dofilelist \ifdim \f...
l.1177 \end{document}
                     
Please type another input file name: 
(E:\Software\Acads\MikTeX\Install\tex\latex\tools\.tex File ignored)
Package atveryend Info: Executing hook `AtVeryEndDocument' on input line 1177.
Package atveryend Info: Executing hook `AtEndAfterFileList' on input line 1177.

Package rerunfilecheck Info: File `sample-book.out' has not changed.
(rerunfilecheck)             Checksum: <no file>.


LaTeX Warning: There were undefined references.

 ) 
Here is how much of TeX's memory you used:
 11000 strings out of 495269
 155142 string characters out of 3179906
 351679 words of memory out of 3000000
 13858 multiletter control sequences out of 15000+200000
 130954 words of font info for 189 fonts, out of 3000000 for 9000
 14 hyphenation exceptions out of 8191
 40i,14n,45p,311b,471s stack positions out of 5000i,500n,10000p,200000b,50000s
{E:/Software/Acads/MikTeX/Install/fonts/enc/dvips/fontname/8r.enc}<E:/Softwar
e/Acads/MikTeX/Install/fonts/type1/public/amsfonts/cm/cmr10.pfb><E:/Software/Ac
ads/MikTeX/Install/fonts/type1/public/amsfonts/cm/cmsy10.pfb><E:/Software/Acads
/MikTeX/Install/fonts/type1/public/mathpazo/fplmri.pfb><C:/Users/Deepak/AppData
/Roaming/MiKTeX/2.8/fonts/type1/public/fpl/fplrc8a.pfb><C:/Users/Deepak/AppData
/Roaming/MiKTeX/2.8/fonts/type1/public/fpl/fplrij8a.pfb><E:/Software/Acads/MikT
eX/Install/fonts/type1/bera/fvmr8a.pfb><E:/Software/Acads/MikTeX/Install/fonts/
type1/bera/fvmro8a.pfb><E:/Software/Acads/MikTeX/Install/fonts/type1/urw/helvet
ic/uhvr8a.pfb><E:/Software/Acads/MikTeX/Install/fonts/type1/urw/palatino/uplb8a
.pfb><E:/Software/Acads/MikTeX/Install/fonts/type1/urw/palatino/uplr8a.pfb><E:/
Software/Acads/MikTeX/Install/fonts/type1/urw/palatino/uplri8a.pfb>
Output written on sample-book.pdf (38 pages, 324508 bytes).
PDF statistics:
 438 PDF objects out of 1000 (max. 8388607)
 84 named destinations out of 1000 (max. 500000)
 4664 words of extra memory for PDF output out of 10000 (max. 10000000)

